Please wait while upgrading PlatformIO...
PlatformIO has been successfully upgraded to 6.1.19a2!

********************************************************************************
If you like PlatformIO, please:
- star it on GitHub > https://github.com/platformio/platformio-core
- follow us on LinkedIn to stay up-to-date on the latest project news > https://www.linkedin.com/company/platformio/
- try PlatformIO IDE for embedded development > https://platformio.org/platformio-ide
********************************************************************************

--- Terminal on /dev/cu.usbserial-0001 | 115200 8-N-1
--- Available filters and text transformations: colorize, debug, default, direct, esp32_exception_decoder, hexlify, log2file, nocontrol, printable, send_on_enter, time
--- More details at https://bit.ly/pio-monitor-filters
--- Quit: Ctrl+C | Menu: Ctrl+T | Help: Ctrl+T followed by Ctrl+H
BPM: 0.000000,AVG_BPM: 0.000000, STEP: 0
I (5676) MAIN: task_acc created: OK
BPM: 0.000000,AVG_BPM: 0.000000, STEP: 0
I (8076) MAIN: task_acc created: OK
BPM: 0.000000,AVG_BPM: 0.000000, STEP: 0
I (10476) MAIN: task_acc created: OK
BPM: 0.000000,AVG_BPM: 0.000000, STEP: 0
I (12876) MAIN: task_acc created: OK
BPM: 0.000000,AVG_BPM: 0.000000, STEP: 0
I (15276) MAIN: task_acc created: OK
>--BEAT--< BPM: 76.9 | AVG: 7.7
 - deltaBPM: 36 - rate_size: 10
>--BEAT--< BPM: 48.4 | AVG: 12.5
 - deltaBPM: 28 - rate_size: 10
BPM: 48.387096,AVG_BPM: 12.531018, STEP: 0
I (17676) MAIN: task_acc created: OK
>--BEAT--< BPM: 45.5 | AVG: 62.7
 - deltaBPM: 2 - rate_size: 2
BPM: 45.454544,AVG_BPM: 62.655090, STEP: 0
I (20086) MAIN: task_acc created: OK
BPM: 45.454544,AVG_BPM: 62.655090, STEP: 0
I (22486) MAIN: task_acc created: OK
BPM: 45.454544,AVG_BPM: 62.655090, STEP: 0
I (24886) MAIN: task_acc created: OK
BPM: 45.454544,AVG_BPM: 62.655090, STEP: 0
I (27286) MAIN: task_acc created: OK
BPM: 45.454544,AVG_BPM: 62.655090, STEP: 0
I (29686) MAIN: task_acc created: OK
BPM: 45.454544,AVG_BPM: 62.655090, STEP: 0
I (32086) MAIN: task_acc created: OK
BPM: 45.454544,AVG_BPM: 62.655090, STEP: 0
I (34486) MAIN: task_acc created: OK
BPM: 45.454544,AVG_BPM: 62.655090, STEP: 0
I (36886) MAIN: task_acc created: OK
BPM: 45.454544,AVG_BPM: 62.655090, STEP: 0
I (39286) MAIN: task_acc created: OK
BPM: 45.454544,AVG_BPM: 62.655090, STEP: 0
I (41686) MAIN: task_acc created: OK
BPM: 45.454544,AVG_BPM: 62.655090, STEP: 0
I (44086) MAIN: task_acc created: OK
BPM: 45.454544,AVG_BPM: 62.655090, STEP: 0
I (46486) MAIN: task_acc created: OK
BPM: 45.454544,AVG_BPM: 62.655090, STEP: 0
I (48886) MAIN: task_acc created: OK
BPM: 45.454544,AVG_BPM: 62.655090, STEP: 0
I (51286) MAIN: task_acc created: OK
BPM: 45.454544,AVG_BPM: 62.655090, STEP: 0
I (53686) MAIN: task_acc created: OK
BPM: 45.454544,AVG_BPM: 62.655090, STEP: 0
I (56086) MAIN: task_acc created: OK
BPM: 45.454544,AVG_BPM: 62.655090, STEP: 0
I (58486) MAIN: task_acc created: OK
BPM: 45.454544,AVG_BPM: 62.655090, STEP: 0
I (60886) MAIN: task_acc created: OK
BPM: 45.454544,AVG_BPM: 62.655090, STEP: 0
I (63286) MAIN: task_acc created: OK
BPM: 45.454544,AVG_BPM: 62.655090, STEP: 0
I (65686) MAIN: task_acc created: OK
BPM: 45.454544,AVG_BPM: 62.655090, STEP: 0
I (68086) MAIN: task_acc created: OK
BPM: 45.454544,AVG_BPM: 62.655090, STEP: 0
I (70486) MAIN: task_acc created: OK
BPM: 45.454544,AVG_BPM: 62.655090, STEP: 0
I (72886) MAIN: task_acc created: OK
BPM: 45.454544,AVG_BPM: 62.655090, STEP: 0
I (75286) MAIN: task_acc created: OK
BPM: 45.454544,AVG_BPM: 62.655090, STEP: 0
I (77686) MAIN: task_acc created: OK
BPM: 45.454544,AVG_BPM: 62.655090, STEP: 0
I (80086) MAIN: task_acc created: OK
BPM: 45.454544,AVG_BPM: 62.655090, STEP: 0
I (82486) MAIN: task_acc created: OK
>--BEAT--< BPM: 166.7 | AVG: 28.9
 - deltaBPM: 141 - rate_size: 10
BPM: 166.666672,AVG_BPM: 28.904430, STEP: 0
I (84886) MAIN: task_acc created: OK
BPM: 166.666672,AVG_BPM: 28.904430, STEP: 0
I (87286) MAIN: task_acc created: OK
BPM: 166.666672,AVG_BPM: 28.904430, STEP: 0
I (89686) MAIN: task_acc created: OK
BPM: 166.666672,AVG_BPM: 28.904430, STEP: 0
I (92086) MAIN: task_acc created: OK
BPM: 166.666672,AVG_BPM: 28.904430, STEP: 0
I (94486) MAIN: task_acc created: OK
BPM: 166.666672,AVG_BPM: 28.904430, STEP: 0
I (96886) MAIN: task_acc created: OK
BPM: 166.666672,AVG_BPM: 28.904430, STEP: 0
I (99286) MAIN: task_acc created: OK
BPM: 166.666672,AVG_BPM: 28.904430, STEP: 0
I (101686) MAIN: task_acc created: OK
BPM: 166.666672,AVG_BPM: 28.904430, STEP: 0
I (104086) MAIN: task_acc created: OK
BPM: 166.666672,AVG_BPM: 28.904430, STEP: 0
I (106486) MAIN: task_acc created: OK
BPM: 166.666672,AVG_BPM: 28.904430, STEP: 0
I (108886) MAIN: task_acc created: OK
BPM: 166.666672,AVG_BPM: 28.904430, STEP: 0
I (111286) MAIN: task_acc created: OK
BPM: 166.666672,AVG_BPM: 28.904430, STEP: 0
I (113686) MAIN: task_acc created: OK
BPM: 166.666672,AVG_BPM: 28.904430, STEP: 0
I (116086) MAIN: task_acc created: OK
BPM: 166.666672,AVG_BPM: 28.904430, STEP: 0
I (118486) MAIN: task_acc created: OK
BPM: 166.666672,AVG_BPM: 28.904430, STEP: 0
I (120886) MAIN: task_acc created: OK
BPM: 166.666672,AVG_BPM: 28.904430, STEP: 0
I (123286) MAIN: task_acc created: OK
BPM: 166.666672,AVG_BPM: 28.904430, STEP: 0
I (125686) MAIN: task_acc created: OK
BPM: 166.666672,AVG_BPM: 28.904430, STEP: 0
I (128086) MAIN: task_acc created: OK
BPM: 166.666672,AVG_BPM: 28.904430, STEP: 0
I (130486) MAIN: task_acc created: OK
BPM: 166.666672,AVG_BPM: 28.904430, STEP: 0
I (132886) MAIN: task_acc created: OK
BPM: 166.666672,AVG_BPM: 28.904430, STEP: 0
I (135286) MAIN: task_acc created: OK
BPM: 166.666672,AVG_BPM: 28.904430, STEP: 0
I (137686) MAIN: task_acc created: OK
BPM: 166.666672,AVG_BPM: 28.904430, STEP: 0
I (140086) MAIN: task_acc created: OK
BPM: 166.666672,AVG_BPM: 28.904430, STEP: 0
I (142486) MAIN: task_acc created: OK
BPM: 166.666672,AVG_BPM: 28.904430, STEP: 0
I (144886) MAIN: task_acc created: OK
BPM: 166.666672,AVG_BPM: 28.904430, STEP: 0
I (147286) MAIN: task_acc created: OK
BPM: 166.666672,AVG_BPM: 28.904430, STEP: 0
I (149686) MAIN: task_acc created: OK
BPM: 166.666672,AVG_BPM: 28.904430, STEP: 0
I (152086) MAIN: task_acc created: OK
BPM: 166.666672,AVG_BPM: 28.904430, STEP: 0
I (154486) MAIN: task_acc created: OK
BPM: 166.666672,AVG_BPM: 28.904430, STEP: 0
I (156886) MAIN: task_acc created: OK
BPM: 166.666672,AVG_BPM: 28.904430, STEP: 0
I (159286) MAIN: task_acc created: OK
BPM: 166.666672,AVG_BPM: 28.904430, STEP: 0
I (161686) MAIN: task_acc created: OK
BPM: 166.666672,AVG_BPM: 28.904430, STEP: 0
I (164086) MAIN: task_acc created: OK
BPM: 166.666672,AVG_BPM: 28.904430, STEP: 0
I (166486) MAIN: task_acc created: OK
BPM: 166.666672,AVG_BPM: 28.904430, STEP: 0
I (168886) MAIN: task_acc created: OK
BPM: 166.666672,AVG_BPM: 28.904430, STEP: 0
I (171286) MAIN: task_acc created: OK
BPM: 166.666672,AVG_BPM: 28.904430, STEP: 0
I (173686) MAIN: task_acc created: OK
BPM: 166.666672,AVG_BPM: 28.904430, STEP: 0
I (176086) MAIN: task_acc created: OK
BPM: 166.666672,AVG_BPM: 28.904430, STEP: 0
I (178486) MAIN: task_acc created: OK
BPM: 166.666672,AVG_BPM: 28.904430, STEP: 0
I (180886) MAIN: task_acc created: OK
BPM: 166.666672,AVG_BPM: 28.904430, STEP: 0
I (183286) MAIN: task_acc created: OK
BPM: 166.666672,AVG_BPM: 28.904430, STEP: 0
I (185686) MAIN: task_acc created: OK
BPM: 166.666672,AVG_BPM: 28.904430, STEP: 0
I (188086) MAIN: task_acc created: OK
BPM: 166.666672,AVG_BPM: 28.904430, STEP: 0
I (190486) MAIN: task_acc created: OK
BPM: 166.666672,AVG_BPM: 28.904430, STEP: 0
I (192886) MAIN: task_acc created: OK
BPM: 166.666672,AVG_BPM: 28.904430, STEP: 0
I (195286) MAIN: task_acc created: OK
BPM: 166.666672,AVG_BPM: 28.904430, STEP: 0
I (197686) MAIN: task_acc created: OK
BPM: 166.666672,AVG_BPM: 28.904430, STEP: 0
I (200086) MAIN: task_acc created: OK
BPM: 166.666672,AVG_BPM: 28.904430, STEP: 0
I (202486) MAIN: task_acc created: OK
BPM: 166.666672,AVG_BPM: 28.904430, STEP: 0
I (204886) MAIN: task_acc created: OK
BPM: 166.666672,AVG_BPM: 28.904430, STEP: 0
I (207286) MAIN: task_acc created: OK
BPM: 166.666672,AVG_BPM: 28.904430, STEP: 0
I (209686) MAIN: task_acc created: OK
BPM: 166.666672,AVG_BPM: 28.904430, STEP: 0
I (212086) MAIN: task_acc created: OK
BPM: 166.666672,AVG_BPM: 28.904430, STEP: 0
I (214486) MAIN: task_acc created: OK
BPM: 166.666672,AVG_BPM: 28.904430, STEP: 0
I (216886) MAIN: task_acc created: OK
BPM: 166.666672,AVG_BPM: 28.904430, STEP: 0
I (219286) MAIN: task_acc created: OK
BPM: 166.666672,AVG_BPM: 28.904430, STEP: 0
I (221686) MAIN: task_acc created: OK
BPM: 166.666672,AVG_BPM: 28.904430, STEP: 0
I (224086) MAIN: task_acc created: OK
BPM: 166.666672,AVG_BPM: 28.904430, STEP: 0
I (226486) MAIN: task_acc created: OK
BPM: 166.666672,AVG_BPM: 28.904430, STEP: 0
I (228886) MAIN: task_acc created: OK
BPM: 166.666672,AVG_BPM: 28.904430, STEP: 0
I (231286) MAIN: task_acc created: OK
BPM: 166.666672,AVG_BPM: 28.904430, STEP: 0
I (233686) MAIN: task_acc created: OK
BPM: 166.666672,AVG_BPM: 28.904430, STEP: 0
I (236086) MAIN: task_acc created: OK
BPM: 166.666672,AVG_BPM: 28.904430, STEP: 0
I (238486) MAIN: task_acc created: OK
BPM: 166.666672,AVG_BPM: 28.904430, STEP: 0
I (240886) MAIN: task_acc created: OK
BPM: 166.666672,AVG_BPM: 28.904430, STEP: 0
I (243286) MAIN: task_acc created: OK
BPM: 166.666672,AVG_BPM: 28.904430, STEP: 0
I (245686) MAIN: task_acc created: OK
BPM: 166.666672,AVG_BPM: 28.904430, STEP: 0
I (248086) MAIN: task_acc created: OK
BPM: 166.666672,AVG_BPM: 28.904430, STEP: 0
I (250486) MAIN: task_acc created: OK
BPM: 166.666672,AVG_BPM: 28.904430, STEP: 0
I (252886) MAIN: task_acc created: OK
BPM: 166.666672,AVG_BPM: 28.904430, STEP: 0
I (255286) MAIN: task_acc created: OK
BPM: 166.666672,AVG_BPM: 28.904430, STEP: 0
I (257686) MAIN: task_acc created: OK
